[2026-03-17T06:51:45.343Z] [DB] Starting Supabase integration...
[2026-03-17T06:51:45.364Z] [DB] Calling getUser()...
[2026-03-17T06:51:45.680Z] [DB] getUser result — user: b2eaedb2-cab6-48b6-a7d8-59264891b9b2 | authError: none
[2026-03-17T06:51:45.682Z] [DB] Inserting analysis...
[2026-03-17T06:51:46.163Z] [DB] Insert success — row id: b87a9e0c-ca9d-4189-95d0-56cd4512942a
[2026-03-17T14:16:17.512Z] [DB] Starting Supabase integration...
[2026-03-17T14:16:17.533Z] [DB] Calling getUser()...
[2026-03-17T14:16:25.283Z] [DB] getUser result — user: b2eaedb2-cab6-48b6-a7d8-59264891b9b2 | authError: none
[2026-03-17T14:16:25.289Z] [DB] Inserting analysis...
[2026-03-17T14:16:29.876Z] [DB] Insert success — row id: 79c6c55d-b5e1-4f9b-830a-49fed99d4346
[2026-03-17T14:46:19.522Z] [DB] Starting Supabase integration...
[2026-03-17T14:46:19.538Z] [DB] Calling getUser()...
[2026-03-17T14:46:20.122Z] [DB] getUser result — user: b2eaedb2-cab6-48b6-a7d8-59264891b9b2 | authError: none
[2026-03-17T14:46:20.124Z] [DB] Inserting analysis...
[2026-03-17T14:46:20.342Z] [DB] Insert success — row id: 95b167c3-2e59-465c-be47-a1ffb5612f33
[2026-03-18T16:45:20.723Z] [DB] Starting Supabase integration...
[2026-03-18T16:45:20.762Z] [DB] Calling getUser()...
[2026-03-18T16:45:20.998Z] [DB] getUser result — user: b2eaedb2-cab6-48b6-a7d8-59264891b9b2 | authError: none
[2026-03-18T16:45:20.999Z] [DB] Inserting analysis...
[2026-03-18T16:45:21.255Z] [DB] Insert success — row id: 9e4ca175-d031-4e53-861b-2fd2330a87d7
[2026-03-18T16:49:26.853Z] [DB] Starting Supabase integration...
[2026-03-18T16:49:26.857Z] [DB] Calling getUser()...
[2026-03-18T16:49:27.123Z] [DB] getUser result — user: b2eaedb2-cab6-48b6-a7d8-59264891b9b2 | authError: none
[2026-03-18T16:49:27.124Z] [DB] Inserting analysis...
[2026-03-18T16:49:27.321Z] [DB] Insert success — row id: c2277151-0621-42fe-9ee2-01b641a739f9
[2026-03-18T17:10:00.411Z] [DB] Starting Supabase integration...
[2026-03-18T17:10:00.430Z] [DB] Calling getUser()...
[2026-03-18T17:10:00.653Z] [DB] getUser result — user: b2eaedb2-cab6-48b6-a7d8-59264891b9b2 | authError: none
[2026-03-18T17:10:00.655Z] [DB] Inserting analysis...
[2026-03-18T17:10:01.188Z] [DB] Insert success — row id: 04361261-a970-478e-9eda-142c9e13b9ec
[2026-03-18T17:14:55.510Z] [DB] Starting Supabase integration...
[2026-03-18T17:14:55.641Z] [DB] Calling getUser()...
[2026-03-18T17:14:56.239Z] [DB] getUser result — user: b2eaedb2-cab6-48b6-a7d8-59264891b9b2 | authError: none
[2026-03-18T17:14:56.240Z] [DB] Inserting analysis...
[2026-03-18T17:14:56.852Z] [DB] Insert success — row id: 58dc80ad-a0c3-464c-ae04-d312bb5fa46f
